Using pre-set license
Built from '2020.3/staging' branch; Version is '2020.3.19f1 (68f137dc9bbe) revision 6877495'; Using compiler version '192528614'; Build Type 'Release'
OS: 'Windows 10 Pro; OS build 17134.1304; Version 1803; 64bit' Language: 'en' Physical Memory: 14254 MB
BatchMode: 1, IsHumanControllingUs: 0, StartBugReporterOnCrash: 0, Is64bit: 1, IsPro: 0

COMMAND LINE ARGUMENTS:
C:\Program Files\Unity\Hub\Editor\2020.3.19f1\Editor\Unity.exe
-adb2
-batchMode
-noUpm
-name
AssetImportWorker0
-projectPath
F:/HillClimb
-logFile
Logs/AssetImportWorker0.log
-srvPort
59410
Successfully changed project path to: F:/HillClimb
F:/HillClimb
Using Asset Import Pipeline V2.
Refreshing native plugins compatible for Editor in 63.36 ms, found 2 plugins.
Preloading 0 native plugins for Editor in 0.00 ms.
Initialize engine version: 2020.3.19f1 (68f137dc9bbe)
[Subsystems] Discovering subsystems at path C:/Program Files/Unity/Hub/Editor/2020.3.19f1/Editor/Data/Resources/UnitySubsystems
[Subsystems] Discovering subsystems at path F:/HillClimb/Assets
GfxDevice: creating device client; threaded=0
Direct3D:
    Version:  Direct3D 11.0 [level 11.1]
    Renderer: AMD Radeon(TM) R7 Graphics (ID=0x130f)
    Vendor:   
    VRAM:     2014 MB
    Driver:   14.501.1003.0
Initialize mono
Mono path[0] = 'C:/Program Files/Unity/Hub/Editor/2020.3.19f1/Editor/Data/Managed'
Mono path[1] = 'C:/Program Files/Unity/Hub/Editor/2020.3.19f1/Editor/Data/MonoBleedingEdge/lib/mono/unityjit'
Mono config path = 'C:/Program Files/Unity/Hub/Editor/2020.3.19f1/Editor/Data/MonoBleedingEdge/etc'
Using monoOptions --debugger-agent=transport=dt_socket,embedding=1,server=y,suspend=n,address=127.0.0.1:56696
Begin MonoManager ReloadAssembly
Registering precompiled unity dll's ...
Register platform support module: C:/Program Files/Unity/Hub/Editor/2020.3.19f1/Editor/Data/PlaybackEngines/WindowsStandaloneSupport/UnityEditor.WindowsStandalone.Extensions.dll
Registered in 0.002534 seconds.
Native extension for WindowsStandalone target not found
Refreshing native plugins compatible for Editor in 64.49 ms, found 2 plugins.
Preloading 0 native plugins for Editor in 0.00 ms.
Mono: successfully reloaded assembly
- Completed reload, in  3.470 seconds
Domain Reload Profiling:
	ReloadAssembly (3471ms)
		BeginReloadAssembly (89ms)
			ExecutionOrderSort (0ms)
			DisableScriptedObjects (0ms)
			BackupInstance (0ms)
			ReleaseScriptingObjects (0ms)
			CreateAndSetChildDomain (1ms)
		EndReloadAssembly (696ms)
			LoadAssemblies (85ms)
			RebuildTransferFunctionScriptingTraits (0ms)
			SetupTypeCache (263ms)
			ReleaseScriptCaches (0ms)
			RebuildScriptCaches (52ms)
			SetupLoadedEditorAssemblies (265ms)
				LogAssemblyErrors (0ms)
				InitializePlatformSupportModulesInManaged (6ms)
				SetLoadedEditorAssemblies (0ms)
				RefreshPlugins (65ms)
				BeforeProcessingInitializeOnLoad (26ms)
				ProcessInitializeOnLoadAttributes (121ms)
				ProcessInitializeOnLoadMethodAttributes (47ms)
				AfterProcessingInitializeOnLoad (0ms)
				EditorAssembliesLoaded (0ms)
			ExecutionOrderSort2 (0ms)
			AwakeInstancesAfterBackupRestoration (0ms)
Platform modules already initialized, skipping
Registering precompiled user dll's ...
Registered in 0.003434 seconds.
Begin MonoManager ReloadAssembly
Native extension for WindowsStandalone target not found
Refreshing native plugins compatible for Editor in 0.83 ms, found 2 plugins.
Preloading 0 native plugins for Editor in 0.00 ms.
Mono: successfully reloaded assembly
- Completed reload, in  1.658 seconds
Domain Reload Profiling:
	ReloadAssembly (1659ms)
		BeginReloadAssembly (226ms)
			ExecutionOrderSort (0ms)
			DisableScriptedObjects (7ms)
			BackupInstance (0ms)
			ReleaseScriptingObjects (0ms)
			CreateAndSetChildDomain (34ms)
		EndReloadAssembly (1327ms)
			LoadAssemblies (134ms)
			RebuildTransferFunctionScriptingTraits (0ms)
			SetupTypeCache (492ms)
			ReleaseScriptCaches (1ms)
			RebuildScriptCaches (74ms)
			SetupLoadedEditorAssemblies (485ms)
				LogAssemblyErrors (0ms)
				InitializePlatformSupportModulesInManaged (7ms)
				SetLoadedEditorAssemblies (1ms)
				RefreshPlugins (1ms)
				BeforeProcessingInitializeOnLoad (124ms)
				ProcessInitializeOnLoadAttributes (336ms)
				ProcessInitializeOnLoadMethodAttributes (7ms)
				AfterProcessingInitializeOnLoad (9ms)
				EditorAssembliesLoaded (0ms)
			ExecutionOrderSort2 (0ms)
			AwakeInstancesAfterBackupRestoration (10ms)
Platform modules already initialized, skipping
========================================================================
Worker process is ready to serve import requests
Launched and connected shader compiler UnityShaderCompiler.exe after 0.09 seconds
Refreshing native plugins compatible for Editor in 0.76 ms, found 2 plugins.
Preloading 0 native plugins for Editor in 0.00 ms.
Unloading 1697 Unused Serialized files (Serialized files now loaded: 0)
System memory in use before: 80.7 MB.
System memory in use after: 80.8 MB.

Unloading 16 unused Assets to reduce memory usage. Loaded Objects now: 2132.
Total: 5.734563 ms (FindLiveObjects: 0.408900 ms CreateObjectMapping: 0.092039 ms MarkObjects: 5.080323 ms  DeleteObjects: 0.150370 ms)

AssetImportParameters requested are different than current active one (requested -> active):
  custom:framework-win-MediaFoundation: 216162199b28c13a410421893ffa2e32 -> 
  custom:video-decoder-ogg-theora: a1e56fd34408186e4bbccfd4996cb3dc -> 
  custom:container-muxer-webm: aa71ff27fc2769a1b78a27578f13a17b -> 
  custom:container-demuxer-webm: 4f35f7cbe854078d1ac9338744f61a02 -> 
  custom:container-demuxer-ogg: 62fdf1f143b41e24485cea50d1cbac27 -> 
  custom:video-encoder-webm-vp8: eb34c28f22e8b96e1ab97ce403110664 -> 
  custom:video-decoder-webm-vp8: 9c59270c3fd7afecdb556c50c9e8de78 -> 
  custom:audio-decoder-ogg-vorbis: bf7c407c2cedff20999df2af8eb42d56 -> 
  custom:audio-encoder-webm-vorbis: bf7c407c2cedff20999df2af8eb42d56 -> 
========================================================================
Received Import Request.
  path: Assets/Main Images/button-sound-disabled.png
  artifactKey: Guid(1e0e14326363ed6459566062dbf8613d) Importer(815301076,1909f56bfc062723c751e8b465ee728b)
Start importing Assets/Main Images/button-sound-disabled.png using Guid(1e0e14326363ed6459566062dbf8613d) Importer(815301076,1909f56bfc062723c751e8b465ee728b)  -> (artifact id: '8864296f7e75de3a5944491c096023c9') in 0.194240 seconds 
  Import took 0.199327 seconds .

========================================================================
Received Import Request.
  Time since last request: 0.000441 seconds.
  path: Assets/Main Images/button-sound-enabled.png
  artifactKey: Guid(31dfbb4ac5ca57b4b95025737edade0a) Importer(815301076,1909f56bfc062723c751e8b465ee728b)
Start importing Assets/Main Images/button-sound-enabled.png using Guid(31dfbb4ac5ca57b4b95025737edade0a) Importer(815301076,1909f56bfc062723c751e8b465ee728b)  -> (artifact id: 'ffb1beb3bd258ab45ab2641c29913fd2') in 0.029660 seconds 
  Import took 0.034569 seconds .

========================================================================
Received Import Request.
  Time since last request: 298.319166 seconds.
  path: Assets/UI_Buttons_Pack2/Button_1_Pack2.wav
  artifactKey: Guid(311ec0e3ddc71474eb5f91f03161f401) Importer(815301076,1909f56bfc062723c751e8b465ee728b)
Start importing Assets/UI_Buttons_Pack2/Button_1_Pack2.wav using Guid(311ec0e3ddc71474eb5f91f03161f401) Importer(815301076,1909f56bfc062723c751e8b465ee728b)  -> (artifact id: 'e314da493bbf8d07bbdc5a7e2bfa5917') in 0.121100 seconds 
  Import took 0.126465 seconds .

========================================================================
Received Import Request.
  Time since last request: 2.949841 seconds.
  path: Assets/Simple Buttons/Buttons Style 1 (Rounded Purple)
  artifactKey: Guid(37c4c5ade6799bf46a9cdbfaf56d1818) Importer(815301076,1909f56bfc062723c751e8b465ee728b)
Start importing Assets/Simple Buttons/Buttons Style 1 (Rounded Purple) using Guid(37c4c5ade6799bf46a9cdbfaf56d1818) Importer(815301076,1909f56bfc062723c751e8b465ee728b)  -> (artifact id: '5572b7880f262f60e4cc4817b3361b16') in 0.034001 seconds 
  Import took 0.039006 seconds .

========================================================================
Received Import Request.
  Time since last request: 0.833609 seconds.
  path: Assets/Simple Buttons/Buttons Style 1 (Rounded Purple)/ButtonsStyle1_01.png
  artifactKey: Guid(519e049cda1c435499eebd1d97d741c2) Importer(815301076,1909f56bfc062723c751e8b465ee728b)
Start importing Assets/Simple Buttons/Buttons Style 1 (Rounded Purple)/ButtonsStyle1_01.png using Guid(519e049cda1c435499eebd1d97d741c2) Importer(815301076,1909f56bfc062723c751e8b465ee728b)  -> (artifact id: '99393ca553dfbd6673aba0fe9bc3c345') in 0.057595 seconds 
  Import took 0.063135 seconds .

========================================================================
Received Import Request.
  Time since last request: 1.892215 seconds.
  path: Assets/Simple Buttons/Buttons Style 4 (Square Pink)/ButtonsStyle4_01.png
  artifactKey: Guid(0f51b1b75b0cda146a0198335ba7afad) Importer(815301076,1909f56bfc062723c751e8b465ee728b)
Start importing Assets/Simple Buttons/Buttons Style 4 (Square Pink)/ButtonsStyle4_01.png using Guid(0f51b1b75b0cda146a0198335ba7afad) Importer(815301076,1909f56bfc062723c751e8b465ee728b)  -> (artifact id: '8c7e9f6e120353159485ec1232c091a4') in 0.045385 seconds 
  Import took 0.062297 seconds .

========================================================================
Received Import Request.
  Time since last request: 3.168276 seconds.
  path: Assets/Simple Buttons/Buttons Style 12 (Square Blue)/ButtonsStyle12_01.png
  artifactKey: Guid(965335f18fd89e94ab933d8c4c5aa4c4) Importer(815301076,1909f56bfc062723c751e8b465ee728b)
Start importing Assets/Simple Buttons/Buttons Style 12 (Square Blue)/ButtonsStyle12_01.png using Guid(965335f18fd89e94ab933d8c4c5aa4c4) Importer(815301076,1909f56bfc062723c751e8b465ee728b)  -> (artifact id: '3853571d1eb32859952e3be6a0efaeb1') in 0.071869 seconds 
  Import took 0.078256 seconds .

========================================================================
Received Import Request.
  Time since last request: 0.000554 seconds.
  path: Assets/Simple Buttons/Buttons Style 12 (Square Blue)/ButtonsStyle12_02.png
  artifactKey: Guid(74967bb4db403244f80d6fdeb84544ce) Importer(815301076,1909f56bfc062723c751e8b465ee728b)
Start importing Assets/Simple Buttons/Buttons Style 12 (Square Blue)/ButtonsStyle12_02.png using Guid(74967bb4db403244f80d6fdeb84544ce) Importer(815301076,1909f56bfc062723c751e8b465ee728b)  -> (artifact id: 'd802dc903ba23f896981fef1dc48f5a8') in 0.043755 seconds 
  Import took 0.049477 seconds .

========================================================================
Received Import Request.
  Time since last request: 0.422554 seconds.
  path: Assets/Simple Buttons/Buttons Style 11 (Rounded Blue)/ButtonsStyle11_01.png
  artifactKey: Guid(00f3f35e7c92c784ba5d40ea9dd1c370) Importer(815301076,1909f56bfc062723c751e8b465ee728b)
Start importing Assets/Simple Buttons/Buttons Style 11 (Rounded Blue)/ButtonsStyle11_01.png using Guid(00f3f35e7c92c784ba5d40ea9dd1c370) Importer(815301076,1909f56bfc062723c751e8b465ee728b)  -> (artifact id: '168da146e029be0d8c1b9ca0e1d13044') in 0.045468 seconds 
  Import took 0.051514 seconds .

========================================================================
Received Import Request.
  Time since last request: 0.000393 seconds.
  path: Assets/Simple Buttons/Buttons Style 11 (Rounded Blue)/ButtonsStyle11_02.png
  artifactKey: Guid(91710519d0b48964d9964fb0b1717785) Importer(815301076,1909f56bfc062723c751e8b465ee728b)
Start importing Assets/Simple Buttons/Buttons Style 11 (Rounded Blue)/ButtonsStyle11_02.png using Guid(91710519d0b48964d9964fb0b1717785) Importer(815301076,1909f56bfc062723c751e8b465ee728b)  -> (artifact id: 'cf6b059857d4553398a005837d0caec7') in 0.049761 seconds 
  Import took 0.054826 seconds .

========================================================================
Received Import Request.
  Time since last request: 0.309153 seconds.
  path: Assets/Simple Buttons/Buttons Style 9 (Rounded Light Blue)/ButtonsStyle9_01.png
  artifactKey: Guid(7403af6054f015e40815e883ba95a73a) Importer(815301076,1909f56bfc062723c751e8b465ee728b)
Start importing Assets/Simple Buttons/Buttons Style 9 (Rounded Light Blue)/ButtonsStyle9_01.png using Guid(7403af6054f015e40815e883ba95a73a) Importer(815301076,1909f56bfc062723c751e8b465ee728b)  -> (artifact id: '085f77216226c3498c9b3c80b2b5663c') in 0.041538 seconds 
  Import took 0.048302 seconds .

========================================================================
Received Import Request.
  Time since last request: 5.663172 seconds.
  path: Assets/Simple Buttons/Buttons Style 6 (Square Green)/ButtonsStyle6_01.png
  artifactKey: Guid(a88d28a1d6de27c418fe34d102a2b296) Importer(815301076,1909f56bfc062723c751e8b465ee728b)
Start importing Assets/Simple Buttons/Buttons Style 6 (Square Green)/ButtonsStyle6_01.png using Guid(a88d28a1d6de27c418fe34d102a2b296) Importer(815301076,1909f56bfc062723c751e8b465ee728b)  -> (artifact id: '0e7ae8f68455f224dfd6905866bea5fc') in 0.038352 seconds 
  Import took 0.044604 seconds .

========================================================================
Received Import Request.
  Time since last request: 0.000398 seconds.
  path: Assets/Simple Buttons/Buttons Style 6 (Square Green)/ButtonsStyle6_06.png
  artifactKey: Guid(1909f0ade7f39a64aaf4a4eb5115c6cc) Importer(815301076,1909f56bfc062723c751e8b465ee728b)
Start importing Assets/Simple Buttons/Buttons Style 6 (Square Green)/ButtonsStyle6_06.png using Guid(1909f0ade7f39a64aaf4a4eb5115c6cc) Importer(815301076,1909f56bfc062723c751e8b465ee728b)  -> (artifact id: 'ea4acda8d1a7f2e7b2c65dc6259ac364') in 0.049030 seconds 
  Import took 0.053689 seconds .

========================================================================
Received Import Request.
  Time since last request: 0.000328 seconds.
  path: Assets/Simple Buttons/Buttons Style 6 (Square Green)/ButtonsStyle6_02.png
  artifactKey: Guid(bb4595294ae3c924faccde948a58574d) Importer(815301076,1909f56bfc062723c751e8b465ee728b)
Start importing Assets/Simple Buttons/Buttons Style 6 (Square Green)/ButtonsStyle6_02.png using Guid(bb4595294ae3c924faccde948a58574d) Importer(815301076,1909f56bfc062723c751e8b465ee728b)  -> (artifact id: '6e5f967cf6ee0831569adf2942a9eed5') in 0.047839 seconds 
  Import took 0.052314 seconds .

========================================================================
Received Import Request.
  Time since last request: 0.000467 seconds.
  path: Assets/Simple Buttons/Buttons Style 6 (Square Green)/ButtonsStyle6_05.png
  artifactKey: Guid(276cf35c35ad70f46aeddb24071cd752) Importer(815301076,1909f56bfc062723c751e8b465ee728b)
Start importing Assets/Simple Buttons/Buttons Style 6 (Square Green)/ButtonsStyle6_05.png using Guid(276cf35c35ad70f46aeddb24071cd752) Importer(815301076,1909f56bfc062723c751e8b465ee728b)  -> (artifact id: 'e7774f7344d493fc4f2f67b412bc021e') in 0.052091 seconds 
  Import took 0.056781 seconds .

========================================================================
Received Import Request.
  Time since last request: 0.000337 seconds.
  path: Assets/Simple Buttons/Buttons Style 6 (Square Green)/ButtonsStyle6_07.png
  artifactKey: Guid(eb0ae36b7e4e35a42a89703e576cf332) Importer(815301076,1909f56bfc062723c751e8b465ee728b)
Start importing Assets/Simple Buttons/Buttons Style 6 (Square Green)/ButtonsStyle6_07.png using Guid(eb0ae36b7e4e35a42a89703e576cf332) Importer(815301076,1909f56bfc062723c751e8b465ee728b)  -> (artifact id: '56e192c9031fc07086a94b609cc68aa0') in 0.043342 seconds 
  Import took 0.048073 seconds .

========================================================================
Received Import Request.
  Time since last request: 0.000305 seconds.
  path: Assets/Simple Buttons/Buttons Style 6 (Square Green)/ButtonsStyle6_08.png
  artifactKey: Guid(a3333da72424e5f418a0cfa3317a4350) Importer(815301076,1909f56bfc062723c751e8b465ee728b)
Start importing Assets/Simple Buttons/Buttons Style 6 (Square Green)/ButtonsStyle6_08.png using Guid(a3333da72424e5f418a0cfa3317a4350) Importer(815301076,1909f56bfc062723c751e8b465ee728b)  -> (artifact id: 'f33a42c9fc2b059bfac0a47241899288') in 0.043738 seconds 
  Import took 0.048289 seconds .

========================================================================
Received Import Request.
  Time since last request: 0.000332 seconds.
  path: Assets/Simple Buttons/Buttons Style 6 (Square Green)/ButtonsStyle6_04.png
  artifactKey: Guid(14a973b32c42cf6488076425053f9327) Importer(815301076,1909f56bfc062723c751e8b465ee728b)
Start importing Assets/Simple Buttons/Buttons Style 6 (Square Green)/ButtonsStyle6_04.png using Guid(14a973b32c42cf6488076425053f9327) Importer(815301076,1909f56bfc062723c751e8b465ee728b)  -> (artifact id: 'a084d23b6cde8d35aab2cbe5cffdc2a4') in 0.044235 seconds 
  Import took 0.049133 seconds .

========================================================================
Received Import Request.
  Time since last request: 0.000316 seconds.
  path: Assets/Simple Buttons/Buttons Style 6 (Square Green)/ButtonsStyle6_03.png
  artifactKey: Guid(d0717bde1bcc4024aacc57aa265b1a24) Importer(815301076,1909f56bfc062723c751e8b465ee728b)
Start importing Assets/Simple Buttons/Buttons Style 6 (Square Green)/ButtonsStyle6_03.png using Guid(d0717bde1bcc4024aacc57aa265b1a24) Importer(815301076,1909f56bfc062723c751e8b465ee728b)  -> (artifact id: '7abf193a052742f12f80c490837626c7') in 0.039474 seconds 
  Import took 0.044550 seconds .

========================================================================
Received Import Request.
  Time since last request: 1.629376 seconds.
  path: Assets/Simple Buttons/Buttons Style 14 (Square Gray)/ButtonsStyle14_01.png
  artifactKey: Guid(9bd836ecda94f2c43952b7044e995758) Importer(815301076,1909f56bfc062723c751e8b465ee728b)
Start importing Assets/Simple Buttons/Buttons Style 14 (Square Gray)/ButtonsStyle14_01.png using Guid(9bd836ecda94f2c43952b7044e995758) Importer(815301076,1909f56bfc062723c751e8b465ee728b)  -> (artifact id: '21207fc5d0e8eae6933130d30e6846a0') in 0.060364 seconds 
  Import took 0.066274 seconds .

========================================================================
Received Import Request.
  Time since last request: 0.000371 seconds.
  path: Assets/Simple Buttons/Buttons Style 14 (Square Gray)/ButtonsStyle14_02.png
  artifactKey: Guid(94d0b0aad1727724ea3983b3ea2a6331) Importer(815301076,1909f56bfc062723c751e8b465ee728b)
Start importing Assets/Simple Buttons/Buttons Style 14 (Square Gray)/ButtonsStyle14_02.png using Guid(94d0b0aad1727724ea3983b3ea2a6331) Importer(815301076,1909f56bfc062723c751e8b465ee728b)  -> (artifact id: '9d746ac74c70475f3bbe8a0b213c7309') in 0.046101 seconds 
  Import took 0.050931 seconds .

========================================================================
Received Import Request.
  Time since last request: 0.563797 seconds.
  path: Assets/Simple Buttons/Buttons Style 13 (Rounded Gray)/ButtonsStyle13_01.png
  artifactKey: Guid(9f3fe5aee49ffcf45b0b8cdc8afe1707) Importer(815301076,1909f56bfc062723c751e8b465ee728b)
Start importing Assets/Simple Buttons/Buttons Style 13 (Rounded Gray)/ButtonsStyle13_01.png using Guid(9f3fe5aee49ffcf45b0b8cdc8afe1707) Importer(815301076,1909f56bfc062723c751e8b465ee728b)  -> (artifact id: '258b6c1b292e07f1c25afce86b0b4ad8') in 0.066217 seconds 
  Import took 0.072163 seconds .

========================================================================
Received Import Request.
  Time since last request: 0.623270 seconds.
  path: Assets/Simple Buttons/Buttons Style 2 (Square Purple)/ButtonsStyle2_01.png
  artifactKey: Guid(2d7d34242bb238342b5090606321941d) Importer(815301076,1909f56bfc062723c751e8b465ee728b)
Start importing Assets/Simple Buttons/Buttons Style 2 (Square Purple)/ButtonsStyle2_01.png using Guid(2d7d34242bb238342b5090606321941d) Importer(815301076,1909f56bfc062723c751e8b465ee728b)  -> (artifact id: 'cf8d7930c604c74bf2ffede8b4b1f14f') in 0.066602 seconds 
  Import took 0.075162 seconds .

========================================================================
Received Import Request.
  Time since last request: 2.324714 seconds.
  path: Assets/Simple Buttons/Buttons Style 3 (Rounded Pink)/ButtonsStyle3_01.png
  artifactKey: Guid(28b781480b4bb7240ad58baebe8f65dc) Importer(815301076,1909f56bfc062723c751e8b465ee728b)
Start importing Assets/Simple Buttons/Buttons Style 3 (Rounded Pink)/ButtonsStyle3_01.png using Guid(28b781480b4bb7240ad58baebe8f65dc) Importer(815301076,1909f56bfc062723c751e8b465ee728b)  -> (artifact id: '646e340f86b7c4ebab0424848e81254c') in 0.069263 seconds 
  Import took 0.074795 seconds .

========================================================================
Received Import Request.
  Time since last request: 19.974495 seconds.
  path: Assets/Simple Buttons/Buttons Style 1 (Rounded Purple)/ButtonsStyle1_11.png
  artifactKey: Guid(20b2b10a1d8a3a948a3f0ee8aa9b0f66) Importer(815301076,1909f56bfc062723c751e8b465ee728b)
Start importing Assets/Simple Buttons/Buttons Style 1 (Rounded Purple)/ButtonsStyle1_11.png using Guid(20b2b10a1d8a3a948a3f0ee8aa9b0f66) Importer(815301076,1909f56bfc062723c751e8b465ee728b)  -> (artifact id: '7789bcd32cc95baf43d3e497bca2afdb') in 0.055816 seconds 
  Import took 0.061392 seconds .

========================================================================
Received Import Request.
  Time since last request: 0.000486 seconds.
  path: Assets/Simple Buttons/Buttons Style 1 (Rounded Purple)/ButtonsStyle1_14.png
  artifactKey: Guid(aef08c4eb1e0fc34fa5914ce321ca876) Importer(815301076,1909f56bfc062723c751e8b465ee728b)
Start importing Assets/Simple Buttons/Buttons Style 1 (Rounded Purple)/ButtonsStyle1_14.png using Guid(aef08c4eb1e0fc34fa5914ce321ca876) Importer(815301076,1909f56bfc062723c751e8b465ee728b)  -> (artifact id: '7f1a46bce3e3d0cbe54ce9a704f15146') in 0.048480 seconds 
  Import took 0.053539 seconds .

========================================================================
Received Import Request.
  Time since last request: 0.000314 seconds.
  path: Assets/Simple Buttons/Buttons Style 1 (Rounded Purple)/ButtonsStyle1_16.png
  artifactKey: Guid(73827643b3a3cc04ba36287643d357f2) Importer(815301076,1909f56bfc062723c751e8b465ee728b)
Start importing Assets/Simple Buttons/Buttons Style 1 (Rounded Purple)/ButtonsStyle1_16.png using Guid(73827643b3a3cc04ba36287643d357f2) Importer(815301076,1909f56bfc062723c751e8b465ee728b)  -> (artifact id: '6cfd57adf073902d4f672781e6d92ef6') in 0.039067 seconds 
  Import took 0.044476 seconds .

========================================================================
Received Import Request.
  Time since last request: 0.000341 seconds.
  path: Assets/Simple Buttons/Buttons Style 1 (Rounded Purple)/ButtonsStyle1_13.png
  artifactKey: Guid(d8db4a8b7af7f9c4aabebd731eab9ab4) Importer(815301076,1909f56bfc062723c751e8b465ee728b)
Start importing Assets/Simple Buttons/Buttons Style 1 (Rounded Purple)/ButtonsStyle1_13.png using Guid(d8db4a8b7af7f9c4aabebd731eab9ab4) Importer(815301076,1909f56bfc062723c751e8b465ee728b)  -> (artifact id: 'b148c2db24a41866b7249a0b15bed99a') in 0.042604 seconds 
  Import took 0.047899 seconds .

========================================================================
Received Import Request.
  Time since last request: 0.000271 seconds.
  path: Assets/Simple Buttons/Buttons Style 1 (Rounded Purple)/ButtonsStyle1_15.png
  artifactKey: Guid(76b6ff8439f0a8140aa4a30455833466) Importer(815301076,1909f56bfc062723c751e8b465ee728b)
Start importing Assets/Simple Buttons/Buttons Style 1 (Rounded Purple)/ButtonsStyle1_15.png using Guid(76b6ff8439f0a8140aa4a30455833466) Importer(815301076,1909f56bfc062723c751e8b465ee728b)  -> (artifact id: '4c7722dd7ac5c6d2709f5396271a2e7c') in 0.051356 seconds 
  Import took 0.055912 seconds .

========================================================================
Received Import Request.
  Time since last request: 0.000400 seconds.
  path: Assets/Simple Buttons/Buttons Style 1 (Rounded Purple)/ButtonsStyle1_12.png
  artifactKey: Guid(fb7a7b182ba03914b8475aead9ce3270) Importer(815301076,1909f56bfc062723c751e8b465ee728b)
Start importing Assets/Simple Buttons/Buttons Style 1 (Rounded Purple)/ButtonsStyle1_12.png using Guid(fb7a7b182ba03914b8475aead9ce3270) Importer(815301076,1909f56bfc062723c751e8b465ee728b)  -> (artifact id: 'b67ca0f4d6f94890aaecae6c432dbb8d') in 0.056524 seconds 
  Import took 0.061782 seconds .

========================================================================
Received Import Request.
  Time since last request: 0.060168 seconds.
  path: Assets/Simple Buttons/Buttons Style 1 (Rounded Purple)/ButtonsStyle1_17.png
  artifactKey: Guid(0b6ee167d60e08d41808b5efd5517964) Importer(815301076,1909f56bfc062723c751e8b465ee728b)
Start importing Assets/Simple Buttons/Buttons Style 1 (Rounded Purple)/ButtonsStyle1_17.png using Guid(0b6ee167d60e08d41808b5efd5517964) Importer(815301076,1909f56bfc062723c751e8b465ee728b)  -> (artifact id: '24f5ba053779baa284f922a51ff17434') in 0.041002 seconds 
  Import took 0.045791 seconds .

========================================================================
Received Import Request.
  Time since last request: 0.000283 seconds.
  path: Assets/Simple Buttons/Buttons Style 1 (Rounded Purple)/ButtonsStyle1_20.png
  artifactKey: Guid(606fedd6ff077cf469b3b9d948c7aeb9) Importer(815301076,1909f56bfc062723c751e8b465ee728b)
Start importing Assets/Simple Buttons/Buttons Style 1 (Rounded Purple)/ButtonsStyle1_20.png using Guid(606fedd6ff077cf469b3b9d948c7aeb9) Importer(815301076,1909f56bfc062723c751e8b465ee728b)  -> (artifact id: '1cb22a17ec89b57e4637859ea82c294b') in 0.046233 seconds 
  Import took 0.050887 seconds .

========================================================================
Received Import Request.
  Time since last request: 0.000349 seconds.
  path: Assets/Simple Buttons/Buttons Style 1 (Rounded Purple)/ButtonsStyle1_19.png
  artifactKey: Guid(2038e8f030f826d4884965f2b0785ca7) Importer(815301076,1909f56bfc062723c751e8b465ee728b)
Start importing Assets/Simple Buttons/Buttons Style 1 (Rounded Purple)/ButtonsStyle1_19.png using Guid(2038e8f030f826d4884965f2b0785ca7) Importer(815301076,1909f56bfc062723c751e8b465ee728b)  -> (artifact id: '64b51a02bd0c03e4a7928a62f2153e0d') in 0.045804 seconds 
  Import took 0.051155 seconds .

========================================================================
Received Import Request.
  Time since last request: 0.000419 seconds.
  path: Assets/Simple Buttons/Buttons Style 1 (Rounded Purple)/ButtonsStyle1_18.png
  artifactKey: Guid(fbc2e6b17773c9f4c93e7deff4b6a98a) Importer(815301076,1909f56bfc062723c751e8b465ee728b)
Start importing Assets/Simple Buttons/Buttons Style 1 (Rounded Purple)/ButtonsStyle1_18.png using Guid(fbc2e6b17773c9f4c93e7deff4b6a98a) Importer(815301076,1909f56bfc062723c751e8b465ee728b)  -> (artifact id: '4044c13331edb143bf6b5c5bbf0f03bf') in 0.046657 seconds 
  Import took 0.052504 seconds .

========================================================================
Received Import Request.
  Time since last request: 0.315977 seconds.
  path: Assets/Simple Buttons/Buttons Style 1 (Rounded Purple)/ButtonsStyle1_21.png
  artifactKey: Guid(b6517273bf674c74f9b4026b4efae24d) Importer(815301076,1909f56bfc062723c751e8b465ee728b)
Start importing Assets/Simple Buttons/Buttons Style 1 (Rounded Purple)/ButtonsStyle1_21.png using Guid(b6517273bf674c74f9b4026b4efae24d) Importer(815301076,1909f56bfc062723c751e8b465ee728b)  -> (artifact id: '1f9272375808258988418fe89bc103d5') in 0.049854 seconds 
  Import took 0.055487 seconds .

========================================================================
Received Import Request.
  Time since last request: 0.000437 seconds.
  path: Assets/Simple Buttons/Buttons Style 1 (Rounded Purple)/ButtonsStyle1_25.png
  artifactKey: Guid(f2e34a0be5da1364b8ea73d383dee4d4) Importer(815301076,1909f56bfc062723c751e8b465ee728b)
Start importing Assets/Simple Buttons/Buttons Style 1 (Rounded Purple)/ButtonsStyle1_25.png using Guid(f2e34a0be5da1364b8ea73d383dee4d4) Importer(815301076,1909f56bfc062723c751e8b465ee728b)  -> (artifact id: 'fbbdae3c87196fd6ad8fc413f90a3c1a') in 0.057121 seconds 
  Import took 0.062578 seconds .

========================================================================
Received Import Request.
  Time since last request: 0.000332 seconds.
  path: Assets/Simple Buttons/Buttons Style 1 (Rounded Purple)/ButtonsStyle1_23.png
  artifactKey: Guid(b81a6e7d833092542bfb14d2fb1a618b) Importer(815301076,1909f56bfc062723c751e8b465ee728b)
Start importing Assets/Simple Buttons/Buttons Style 1 (Rounded Purple)/ButtonsStyle1_23.png using Guid(b81a6e7d833092542bfb14d2fb1a618b) Importer(815301076,1909f56bfc062723c751e8b465ee728b)  -> (artifact id: 'f06ac2b7b3fb8bdf90b91ef0e49cadeb') in 0.056680 seconds 
  Import took 0.062080 seconds .

========================================================================
Received Import Request.
  Time since last request: 0.000453 seconds.
  path: Assets/Simple Buttons/Buttons Style 1 (Rounded Purple)/ButtonsStyle1_26.png
  artifactKey: Guid(ee7175e3f8d26cd4384570f9efeef9d5) Importer(815301076,1909f56bfc062723c751e8b465ee728b)
Start importing Assets/Simple Buttons/Buttons Style 1 (Rounded Purple)/ButtonsStyle1_26.png using Guid(ee7175e3f8d26cd4384570f9efeef9d5) Importer(815301076,1909f56bfc062723c751e8b465ee728b)  -> (artifact id: 'f1eb69a62c18da84ec1b0ba4436209ce') in 0.052983 seconds 
  Import took 0.058470 seconds .

========================================================================
Received Import Request.
  Time since last request: 0.000434 seconds.
  path: Assets/Simple Buttons/Buttons Style 1 (Rounded Purple)/ButtonsStyle1_24.png
  artifactKey: Guid(64f590f9d40bd3647bcb12fa59410539) Importer(815301076,1909f56bfc062723c751e8b465ee728b)
Start importing Assets/Simple Buttons/Buttons Style 1 (Rounded Purple)/ButtonsStyle1_24.png using Guid(64f590f9d40bd3647bcb12fa59410539) Importer(815301076,1909f56bfc062723c751e8b465ee728b)  -> (artifact id: '7eae1e95868ed348a3ec85f7a004ceaa') in 0.044883 seconds 
  Import took 0.049391 seconds .

========================================================================
Received Import Request.
  Time since last request: 0.000347 seconds.
  path: Assets/Simple Buttons/Buttons Style 1 (Rounded Purple)/ButtonsStyle1_22.png
  artifactKey: Guid(e6dfeec9339e2a54795e2f555415460a) Importer(815301076,1909f56bfc062723c751e8b465ee728b)
Start importing Assets/Simple Buttons/Buttons Style 1 (Rounded Purple)/ButtonsStyle1_22.png using Guid(e6dfeec9339e2a54795e2f555415460a) Importer(815301076,1909f56bfc062723c751e8b465ee728b)  -> (artifact id: '667ba2f130ab4d029c97b1a306e10877') in 0.058756 seconds 
  Import took 0.063923 seconds .

========================================================================
Received Import Request.
  Time since last request: 0.516029 seconds.
  path: Assets/Simple Buttons/Buttons Style 2 (Square Purple)/ButtonsStyle2_11.png
  artifactKey: Guid(4aba179bb2623df4c9fffa411421dadc) Importer(815301076,1909f56bfc062723c751e8b465ee728b)
Start importing Assets/Simple Buttons/Buttons Style 2 (Square Purple)/ButtonsStyle2_11.png using Guid(4aba179bb2623df4c9fffa411421dadc) Importer(815301076,1909f56bfc062723c751e8b465ee728b)  -> (artifact id: 'd4279ae7bcd7bf002cb4933d10e8f203') in 0.048103 seconds 
  Import took 0.052752 seconds .

========================================================================
Received Import Request.
  Time since last request: 0.000512 seconds.
  path: Assets/Simple Buttons/Buttons Style 2 (Square Purple)/ButtonsStyle2_12.png
  artifactKey: Guid(8ba79e91dec853c45b35f22bc1dea0f6) Importer(815301076,1909f56bfc062723c751e8b465ee728b)
Start importing Assets/Simple Buttons/Buttons Style 2 (Square Purple)/ButtonsStyle2_12.png using Guid(8ba79e91dec853c45b35f22bc1dea0f6) Importer(815301076,1909f56bfc062723c751e8b465ee728b)  -> (artifact id: '5ec548d1daad6ddee268539718d499f6') in 0.043024 seconds 
  Import took 0.048160 seconds .

========================================================================
Received Import Request.
  Time since last request: 0.236961 seconds.
  path: Assets/Simple Buttons/Buttons Style 2 (Square Purple)/ButtonsStyle2_13.png
  artifactKey: Guid(31fe6c37dd2c5e54eaeefc9e215e344a) Importer(815301076,1909f56bfc062723c751e8b465ee728b)
Start importing Assets/Simple Buttons/Buttons Style 2 (Square Purple)/ButtonsStyle2_13.png using Guid(31fe6c37dd2c5e54eaeefc9e215e344a) Importer(815301076,1909f56bfc062723c751e8b465ee728b)  -> (artifact id: '5f948cb025da880af46cfe2f505e1416') in 0.038991 seconds 
  Import took 0.043945 seconds .

========================================================================
Received Import Request.
  Time since last request: 0.000514 seconds.
  path: Assets/Simple Buttons/Buttons Style 2 (Square Purple)/ButtonsStyle2_17.png
  artifactKey: Guid(dadecfa6c9dd4f24da853c41d2d53141) Importer(815301076,1909f56bfc062723c751e8b465ee728b)
Start importing Assets/Simple Buttons/Buttons Style 2 (Square Purple)/ButtonsStyle2_17.png using Guid(dadecfa6c9dd4f24da853c41d2d53141) Importer(815301076,1909f56bfc062723c751e8b465ee728b)  -> (artifact id: '2fb316ef28af10ef7e3e80a3c0944ada') in 0.045896 seconds 
  Import took 0.050993 seconds .

========================================================================
Received Import Request.
  Time since last request: 0.000397 seconds.
  path: Assets/Simple Buttons/Buttons Style 2 (Square Purple)/ButtonsStyle2_14.png
  artifactKey: Guid(7c94ad49fbf20ca46aae89895a6a39d0) Importer(815301076,1909f56bfc062723c751e8b465ee728b)
Start importing Assets/Simple Buttons/Buttons Style 2 (Square Purple)/ButtonsStyle2_14.png using Guid(7c94ad49fbf20ca46aae89895a6a39d0) Importer(815301076,1909f56bfc062723c751e8b465ee728b)  -> (artifact id: '21795ecbf57e9ac7004e0eb311785b20') in 0.061752 seconds 
  Import took 0.066657 seconds .

========================================================================
Received Import Request.
  Time since last request: 0.000326 seconds.
  path: Assets/Simple Buttons/Buttons Style 2 (Square Purple)/ButtonsStyle2_19.png
  artifactKey: Guid(ed73562eb07d2104097218df78f6c351) Importer(815301076,1909f56bfc062723c751e8b465ee728b)
Start importing Assets/Simple Buttons/Buttons Style 2 (Square Purple)/ButtonsStyle2_19.png using Guid(ed73562eb07d2104097218df78f6c351) Importer(815301076,1909f56bfc062723c751e8b465ee728b)  -> (artifact id: '9d759478bfc284889112fd7118e6767d') in 0.046532 seconds 
  Import took 0.051294 seconds .

========================================================================
Received Import Request.
  Time since last request: 0.000477 seconds.
  path: Assets/Simple Buttons/Buttons Style 2 (Square Purple)/ButtonsStyle2_20.png
  artifactKey: Guid(ba136f542411986499d38730dcffef18) Importer(815301076,1909f56bfc062723c751e8b465ee728b)
Start importing Assets/Simple Buttons/Buttons Style 2 (Square Purple)/ButtonsStyle2_20.png using Guid(ba136f542411986499d38730dcffef18) Importer(815301076,1909f56bfc062723c751e8b465ee728b)  -> (artifact id: '53b5c6114108608b9edc3b3eb3020cc5') in 0.048282 seconds 
  Import took 0.053442 seconds .

========================================================================
Received Import Request.
  Time since last request: 0.000383 seconds.
  path: Assets/Simple Buttons/Buttons Style 2 (Square Purple)/ButtonsStyle2_15.png
  artifactKey: Guid(60e0fed3587f36c44bead7eb2e7ccc54) Importer(815301076,1909f56bfc062723c751e8b465ee728b)
Start importing Assets/Simple Buttons/Buttons Style 2 (Square Purple)/ButtonsStyle2_15.png using Guid(60e0fed3587f36c44bead7eb2e7ccc54) Importer(815301076,1909f56bfc062723c751e8b465ee728b)  -> (artifact id: '080406553b78c62d5a2fe7700dabc0e1') in 0.036884 seconds 
  Import took 0.041742 seconds .

========================================================================
Received Import Request.
  Time since last request: 0.000285 seconds.
  path: Assets/Simple Buttons/Buttons Style 2 (Square Purple)/ButtonsStyle2_16.png
  artifactKey: Guid(0e265f4badbb05e408e3136f0be6f040) Importer(815301076,1909f56bfc062723c751e8b465ee728b)
Start importing Assets/Simple Buttons/Buttons Style 2 (Square Purple)/ButtonsStyle2_16.png using Guid(0e265f4badbb05e408e3136f0be6f040) Importer(815301076,1909f56bfc062723c751e8b465ee728b)  -> (artifact id: 'c2c1ceb65dfdd1282ce5b74e2b481b58') in 0.067148 seconds 
  Import took 0.072164 seconds .

========================================================================
Received Import Request.
  Time since last request: 0.000339 seconds.
  path: Assets/Simple Buttons/Buttons Style 2 (Square Purple)/ButtonsStyle2_18.png
  artifactKey: Guid(abe54680150a1994e8eee305c08f2d38) Importer(815301076,1909f56bfc062723c751e8b465ee728b)
Start importing Assets/Simple Buttons/Buttons Style 2 (Square Purple)/ButtonsStyle2_18.png using Guid(abe54680150a1994e8eee305c08f2d38) Importer(815301076,1909f56bfc062723c751e8b465ee728b)  -> (artifact id: 'c8bb2b11855f53e8efecfc0ecabcb8d4') in 0.047138 seconds 
  Import took 0.052812 seconds .

========================================================================
Received Import Request.
  Time since last request: 0.000515 seconds.
  path: Assets/Simple Buttons/Buttons Style 2 (Square Purple)/ButtonsStyle2_22.png
  artifactKey: Guid(e2576c9353dee9945b8597fdfe494a01) Importer(815301076,1909f56bfc062723c751e8b465ee728b)
Start importing Assets/Simple Buttons/Buttons Style 2 (Square Purple)/ButtonsStyle2_22.png using Guid(e2576c9353dee9945b8597fdfe494a01) Importer(815301076,1909f56bfc062723c751e8b465ee728b)  -> (artifact id: '8d283560a9255a710cff0ae9f26f75bc') in 0.047053 seconds 
  Import took 0.052180 seconds .

========================================================================
Received Import Request.
  Time since last request: 0.000334 seconds.
  path: Assets/Simple Buttons/Buttons Style 2 (Square Purple)/ButtonsStyle2_23.png
  artifactKey: Guid(fc68860d4b9c8094a8c9551df0874c45) Importer(815301076,1909f56bfc062723c751e8b465ee728b)
Start importing Assets/Simple Buttons/Buttons Style 2 (Square Purple)/ButtonsStyle2_23.png using Guid(fc68860d4b9c8094a8c9551df0874c45) Importer(815301076,1909f56bfc062723c751e8b465ee728b)  -> (artifact id: '37a53b47815c366f9a43cec3ca603aef') in 0.044771 seconds 
  Import took 0.050068 seconds .

========================================================================
Received Import Request.
  Time since last request: 0.000327 seconds.
  path: Assets/Simple Buttons/Buttons Style 2 (Square Purple)/ButtonsStyle2_26.png
  artifactKey: Guid(f8396736bb921bb45a41f8033c4fc13a) Importer(815301076,1909f56bfc062723c751e8b465ee728b)
Start importing Assets/Simple Buttons/Buttons Style 2 (Square Purple)/ButtonsStyle2_26.png using Guid(f8396736bb921bb45a41f8033c4fc13a) Importer(815301076,1909f56bfc062723c751e8b465ee728b)  -> (artifact id: '25db333e39c47e7ddc5ec74fe7ff130e') in 0.043946 seconds 
  Import took 0.050643 seconds .

========================================================================
Received Import Request.
  Time since last request: 0.000486 seconds.
  path: Assets/Simple Buttons/Buttons Style 2 (Square Purple)/ButtonsStyle2_21.png
  artifactKey: Guid(f06029d387c60e04b90defc1e65b2b92) Importer(815301076,1909f56bfc062723c751e8b465ee728b)
Start importing Assets/Simple Buttons/Buttons Style 2 (Square Purple)/ButtonsStyle2_21.png using Guid(f06029d387c60e04b90defc1e65b2b92) Importer(815301076,1909f56bfc062723c751e8b465ee728b)  -> (artifact id: '9b18438764f501c413c52a275bf8a578') in 0.042033 seconds 
  Import took 0.047441 seconds .

========================================================================
Received Import Request.
  Time since last request: 0.000288 seconds.
  path: Assets/Simple Buttons/Buttons Style 2 (Square Purple)/ButtonsStyle2_24.png
  artifactKey: Guid(1196cfd8808128340b86166460df3a41) Importer(815301076,1909f56bfc062723c751e8b465ee728b)
Start importing Assets/Simple Buttons/Buttons Style 2 (Square Purple)/ButtonsStyle2_24.png using Guid(1196cfd8808128340b86166460df3a41) Importer(815301076,1909f56bfc062723c751e8b465ee728b)  -> (artifact id: 'e1867fe7274f1cf7b9688a5351a8b74a') in 0.037250 seconds 
  Import took 0.042657 seconds .

========================================================================
Received Import Request.
  Time since last request: 0.000383 seconds.
  path: Assets/Simple Buttons/Buttons Style 2 (Square Purple)/ButtonsStyle2_25.png
  artifactKey: Guid(d0c3ad2fcab54be438b67f02b53d8a36) Importer(815301076,1909f56bfc062723c751e8b465ee728b)
Start importing Assets/Simple Buttons/Buttons Style 2 (Square Purple)/ButtonsStyle2_25.png using Guid(d0c3ad2fcab54be438b67f02b53d8a36) Importer(815301076,1909f56bfc062723c751e8b465ee728b)  -> (artifact id: '434113a236fac8434b76ee39dd8d1311') in 0.036276 seconds 
  Import took 0.042677 seconds .

========================================================================
Received Import Request.
  Time since last request: 92.243085 seconds.
  path: Assets/Simple Buttons/Buttons Style 5 (Rounded Green)/ButtonsStyle5_02.png
  artifactKey: Guid(8799b3dc747735b4c8b490c6d153e15b) Importer(815301076,1909f56bfc062723c751e8b465ee728b)
Start importing Assets/Simple Buttons/Buttons Style 5 (Rounded Green)/ButtonsStyle5_02.png using Guid(8799b3dc747735b4c8b490c6d153e15b) Importer(815301076,1909f56bfc062723c751e8b465ee728b)  -> (artifact id: '2b17b2624ec71d90190a55ea0b6cd783') in 0.066170 seconds 
  Import took 0.071916 seconds .

========================================================================
Received Import Request.
  Time since last request: 0.000349 seconds.
  path: Assets/Simple Buttons/Buttons Style 5 (Rounded Green)/ButtonsStyle5_03.png
  artifactKey: Guid(ffc881576432a154fb549d752d7348db) Importer(815301076,1909f56bfc062723c751e8b465ee728b)
Start importing Assets/Simple Buttons/Buttons Style 5 (Rounded Green)/ButtonsStyle5_03.png using Guid(ffc881576432a154fb549d752d7348db) Importer(815301076,1909f56bfc062723c751e8b465ee728b)  -> (artifact id: '009e14a0b502696ce19ec41f0a31cdb5') in 0.058303 seconds 
  Import took 0.062813 seconds .

========================================================================
Received Import Request.
  Time since last request: 0.000390 seconds.
  path: Assets/Simple Buttons/Buttons Style 5 (Rounded Green)/ButtonsStyle5_04.png
  artifactKey: Guid(5317fb8f426baab4bad5a55d1cf652c3) Importer(815301076,1909f56bfc062723c751e8b465ee728b)
Start importing Assets/Simple Buttons/Buttons Style 5 (Rounded Green)/ButtonsStyle5_04.png using Guid(5317fb8f426baab4bad5a55d1cf652c3) Importer(815301076,1909f56bfc062723c751e8b465ee728b)  -> (artifact id: '29ee83fc3c38549dd061621a4c5189fd') in 0.047138 seconds 
  Import took 0.053011 seconds .

========================================================================
Received Import Request.
  Time since last request: 0.002227 seconds.
  path: Assets/Simple Buttons/Buttons Style 5 (Rounded Green)/ButtonsStyle5_06.png
  artifactKey: Guid(9c456c7cd6977a44cbe656e90cf73725) Importer(815301076,1909f56bfc062723c751e8b465ee728b)
Start importing Assets/Simple Buttons/Buttons Style 5 (Rounded Green)/ButtonsStyle5_06.png using Guid(9c456c7cd6977a44cbe656e90cf73725) Importer(815301076,1909f56bfc062723c751e8b465ee728b)  -> (artifact id: '00e4269d9a460dc106a81acb5b1c9f63') in 0.042159 seconds 
  Import took 0.047696 seconds .

========================================================================
Received Import Request.
  Time since last request: 0.000357 seconds.
  path: Assets/Simple Buttons/Buttons Style 5 (Rounded Green)/ButtonsStyle5_08.png
  artifactKey: Guid(3bd1830b4c4fb894d8d44eed0e516d1e) Importer(815301076,1909f56bfc062723c751e8b465ee728b)
Start importing Assets/Simple Buttons/Buttons Style 5 (Rounded Green)/ButtonsStyle5_08.png using Guid(3bd1830b4c4fb894d8d44eed0e516d1e) Importer(815301076,1909f56bfc062723c751e8b465ee728b)  -> (artifact id: '74424ada4bfdd8d5f72e485176ddd110') in 0.048848 seconds 
  Import took 0.054139 seconds .

========================================================================
Received Import Request.
  Time since last request: 0.000348 seconds.
  path: Assets/Simple Buttons/Buttons Style 5 (Rounded Green)/ButtonsStyle5_09.png
  artifactKey: Guid(f00d09dfdf912aa4eb8a1a1b4ce6feef) Importer(815301076,1909f56bfc062723c751e8b465ee728b)
Start importing Assets/Simple Buttons/Buttons Style 5 (Rounded Green)/ButtonsStyle5_09.png using Guid(f00d09dfdf912aa4eb8a1a1b4ce6feef) Importer(815301076,1909f56bfc062723c751e8b465ee728b)  -> (artifact id: '49acf1a0a503e821eeec16eac61b5a64') in 0.040191 seconds 
  Import took 0.045104 seconds .

========================================================================
Received Import Request.
  Time since last request: 0.000386 seconds.
  path: Assets/Simple Buttons/Buttons Style 5 (Rounded Green)/ButtonsStyle5_05.png
  artifactKey: Guid(a6501bd3060837643997495eff8e5280) Importer(815301076,1909f56bfc062723c751e8b465ee728b)
Start importing Assets/Simple Buttons/Buttons Style 5 (Rounded Green)/ButtonsStyle5_05.png using Guid(a6501bd3060837643997495eff8e5280) Importer(815301076,1909f56bfc062723c751e8b465ee728b)  -> (artifact id: '8eb1d38aa8a2bd044e1b5230149177fb') in 0.057021 seconds 
  Import took 0.061985 seconds .

========================================================================
Received Import Request.
  Time since last request: 0.000324 seconds.
  path: Assets/Simple Buttons/Buttons Style 5 (Rounded Green)/ButtonsStyle5_07.png
  artifactKey: Guid(9cd3ecbdd1be06e44b6514e00ec1a420) Importer(815301076,1909f56bfc062723c751e8b465ee728b)
Start importing Assets/Simple Buttons/Buttons Style 5 (Rounded Green)/ButtonsStyle5_07.png using Guid(9cd3ecbdd1be06e44b6514e00ec1a420) Importer(815301076,1909f56bfc062723c751e8b465ee728b)  -> (artifact id: 'fb6983b690da0368d46eee47bbbf230f') in 0.058460 seconds 
  Import took 0.063143 seconds .

========================================================================
Received Import Request.
  Time since last request: 3.778439 seconds.
  path: Assets/Simple Buttons/Buttons Style 7 (Rounded Turquoise)/ButtonsStyle7_02.png
  artifactKey: Guid(3ac2e95fab2645e458a2406de57c6823) Importer(815301076,1909f56bfc062723c751e8b465ee728b)
Start importing Assets/Simple Buttons/Buttons Style 7 (Rounded Turquoise)/ButtonsStyle7_02.png using Guid(3ac2e95fab2645e458a2406de57c6823) Importer(815301076,1909f56bfc062723c751e8b465ee728b)  -> (artifact id: 'a400ddd512d575ef8bf8435e532d1961') in 0.076119 seconds 
  Import took 0.083800 seconds .

========================================================================
Received Import Request.
  Time since last request: 3.477918 seconds.
  path: Assets/Simple Buttons/Buttons Style 7 (Rounded Turquoise)/ButtonsStyle7_11.png
  artifactKey: Guid(5458591afd51c4444a47e9099288f9e9) Importer(815301076,1909f56bfc062723c751e8b465ee728b)
Start importing Assets/Simple Buttons/Buttons Style 7 (Rounded Turquoise)/ButtonsStyle7_11.png using Guid(5458591afd51c4444a47e9099288f9e9) Importer(815301076,1909f56bfc062723c751e8b465ee728b)  -> (artifact id: '33c6df1c3ae36621919919d3a0a3779c') in 0.038678 seconds 
  Import took 0.044230 seconds .

========================================================================
Received Import Request.
  Time since last request: 0.337888 seconds.
  path: Assets/Simple Buttons/Buttons Style 7 (Rounded Turquoise)/ButtonsStyle7_12.png
  artifactKey: Guid(8373b50d05ba79649822aae8b9d17b85) Importer(815301076,1909f56bfc062723c751e8b465ee728b)
Start importing Assets/Simple Buttons/Buttons Style 7 (Rounded Turquoise)/ButtonsStyle7_12.png using Guid(8373b50d05ba79649822aae8b9d17b85) Importer(815301076,1909f56bfc062723c751e8b465ee728b)  -> (artifact id: '0df193ccf92f7dceec343f07dda891e0') in 0.046356 seconds 
  Import took 0.052824 seconds .

========================================================================
Received Import Request.
  Time since last request: 0.598829 seconds.
  path: Assets/Simple Buttons/Buttons Style 7 (Rounded Turquoise)/ButtonsStyle7_13.png
  artifactKey: Guid(1b67b8c30bd6e874994559564972026f) Importer(815301076,1909f56bfc062723c751e8b465ee728b)
Start importing Assets/Simple Buttons/Buttons Style 7 (Rounded Turquoise)/ButtonsStyle7_13.png using Guid(1b67b8c30bd6e874994559564972026f) Importer(815301076,1909f56bfc062723c751e8b465ee728b)  -> (artifact id: '9677886b624a90da70c64a7f1b5436f9') in 0.067705 seconds 
  Import took 0.073240 seconds .

========================================================================
Received Import Request.
  Time since last request: 0.000516 seconds.
  path: Assets/Simple Buttons/Buttons Style 7 (Rounded Turquoise)/ButtonsStyle7_14.png
  artifactKey: Guid(3c5b31ec88bc8d1419fae030f328188e) Importer(815301076,1909f56bfc062723c751e8b465ee728b)
Start importing Assets/Simple Buttons/Buttons Style 7 (Rounded Turquoise)/ButtonsStyle7_14.png using Guid(3c5b31ec88bc8d1419fae030f328188e) Importer(815301076,1909f56bfc062723c751e8b465ee728b)  -> (artifact id: '9fe1cf58b93e834774890a1a313eb751') in 0.050677 seconds 
  Import took 0.055400 seconds .

========================================================================
Received Import Request.
  Time since last request: 0.476200 seconds.
  path: Assets/Simple Buttons/Buttons Style 7 (Rounded Turquoise)/ButtonsStyle7_15.png
  artifactKey: Guid(791223dcc80ca484ba499a67c226ea43) Importer(815301076,1909f56bfc062723c751e8b465ee728b)
Start importing Assets/Simple Buttons/Buttons Style 7 (Rounded Turquoise)/ButtonsStyle7_15.png using Guid(791223dcc80ca484ba499a67c226ea43) Importer(815301076,1909f56bfc062723c751e8b465ee728b)  -> (artifact id: '24a42f04bcaa7c65b611e13ba51de4ab') in 0.062455 seconds 
  Import took 0.068213 seconds .

========================================================================
Received Import Request.
  Time since last request: 0.000532 seconds.
  path: Assets/Simple Buttons/Buttons Style 7 (Rounded Turquoise)/ButtonsStyle7_16.png
  artifactKey: Guid(fdb74cba9d1aae84580693d4baa6fbff) Importer(815301076,1909f56bfc062723c751e8b465ee728b)
Start importing Assets/Simple Buttons/Buttons Style 7 (Rounded Turquoise)/ButtonsStyle7_16.png using Guid(fdb74cba9d1aae84580693d4baa6fbff) Importer(815301076,1909f56bfc062723c751e8b465ee728b)  -> (artifact id: '7f1945a38d6a3778d843a91ad7de9aff') in 0.044537 seconds 
  Import took 0.049779 seconds .

========================================================================
Received Import Request.
  Time since last request: 0.336087 seconds.
  path: Assets/Simple Buttons/Buttons Style 7 (Rounded Turquoise)/ButtonsStyle7_17.png
  artifactKey: Guid(62cac5c6cba40f14582446a545861caa) Importer(815301076,1909f56bfc062723c751e8b465ee728b)
Start importing Assets/Simple Buttons/Buttons Style 7 (Rounded Turquoise)/ButtonsStyle7_17.png using Guid(62cac5c6cba40f14582446a545861caa) Importer(815301076,1909f56bfc062723c751e8b465ee728b)  -> (artifact id: 'd46f7e3e4bda2d1f91109f8c8dfc1cdc') in 0.039103 seconds 
  Import took 0.045720 seconds .

========================================================================
Received Import Request.
  Time since last request: 0.072850 seconds.
  path: Assets/Simple Buttons/Buttons Style 7 (Rounded Turquoise)/ButtonsStyle7_18.png
  artifactKey: Guid(0954db441575e394abc9d3ea5e8a7cbc) Importer(815301076,1909f56bfc062723c751e8b465ee728b)
Start importing Assets/Simple Buttons/Buttons Style 7 (Rounded Turquoise)/ButtonsStyle7_18.png using Guid(0954db441575e394abc9d3ea5e8a7cbc) Importer(815301076,1909f56bfc062723c751e8b465ee728b)  -> (artifact id: '0993941b03914fed7a1542036371500d') in 0.044235 seconds 
  Import took 0.049569 seconds .

========================================================================
Received Import Request.
  Time since last request: 0.000381 seconds.
  path: Assets/Simple Buttons/Buttons Style 7 (Rounded Turquoise)/ButtonsStyle7_19.png
  artifactKey: Guid(58e0fb2ccf28ee74183877d2afade4e5) Importer(815301076,1909f56bfc062723c751e8b465ee728b)
Start importing Assets/Simple Buttons/Buttons Style 7 (Rounded Turquoise)/ButtonsStyle7_19.png using Guid(58e0fb2ccf28ee74183877d2afade4e5) Importer(815301076,1909f56bfc062723c751e8b465ee728b)  -> (artifact id: 'de125e60bd4d7df9aa9f95cf73006afb') in 0.050072 seconds 
  Import took 0.054948 seconds .

========================================================================
Received Import Request.
  Time since last request: 0.351341 seconds.
  path: Assets/Simple Buttons/Buttons Style 7 (Rounded Turquoise)/ButtonsStyle7_20.png
  artifactKey: Guid(840f38f330a88b44f9a09e413eada107) Importer(815301076,1909f56bfc062723c751e8b465ee728b)
Start importing Assets/Simple Buttons/Buttons Style 7 (Rounded Turquoise)/ButtonsStyle7_20.png using Guid(840f38f330a88b44f9a09e413eada107) Importer(815301076,1909f56bfc062723c751e8b465ee728b)  -> (artifact id: 'd32a13d0b7ff71a51a30e7216d2241ff') in 0.033853 seconds 
  Import took 0.040489 seconds .

========================================================================
Received Import Request.
  Time since last request: 0.000357 seconds.
  path: Assets/Simple Buttons/Buttons Style 7 (Rounded Turquoise)/ButtonsStyle7_21.png
  artifactKey: Guid(e0d188b59c2b4ea4bb132d57d5a0f3a5) Importer(815301076,1909f56bfc062723c751e8b465ee728b)
Start importing Assets/Simple Buttons/Buttons Style 7 (Rounded Turquoise)/ButtonsStyle7_21.png using Guid(e0d188b59c2b4ea4bb132d57d5a0f3a5) Importer(815301076,1909f56bfc062723c751e8b465ee728b)  -> (artifact id: '8b1d904bed92c95b5d1747e08541033f') in 0.044910 seconds 
  Import took 0.051023 seconds .

========================================================================
Received Import Request.
  Time since last request: 0.371512 seconds.
  path: Assets/Simple Buttons/Buttons Style 7 (Rounded Turquoise)/ButtonsStyle7_22.png
  artifactKey: Guid(2f8394ec27a374d42817fcfccf55ce87) Importer(815301076,1909f56bfc062723c751e8b465ee728b)
Start importing Assets/Simple Buttons/Buttons Style 7 (Rounded Turquoise)/ButtonsStyle7_22.png using Guid(2f8394ec27a374d42817fcfccf55ce87) Importer(815301076,1909f56bfc062723c751e8b465ee728b)  -> (artifact id: '52a1798aaf9e9d237f459222e7d5d0cf') in 0.053990 seconds 
  Import took 0.060657 seconds .

========================================================================
Received Import Request.
  Time since last request: 0.002564 seconds.
  path: Assets/Simple Buttons/Buttons Style 7 (Rounded Turquoise)/ButtonsStyle7_23.png
  artifactKey: Guid(91a88ecc241eb51448d473571af80838) Importer(815301076,1909f56bfc062723c751e8b465ee728b)
Start importing Assets/Simple Buttons/Buttons Style 7 (Rounded Turquoise)/ButtonsStyle7_23.png using Guid(91a88ecc241eb51448d473571af80838) Importer(815301076,1909f56bfc062723c751e8b465ee728b)  -> (artifact id: 'e26f50f53564be164cdacb0364ea8622') in 0.049626 seconds 
  Import took 0.055409 seconds .

========================================================================
Received Import Request.
  Time since last request: 0.034603 seconds.
  path: Assets/Simple Buttons/Buttons Style 7 (Rounded Turquoise)/ButtonsStyle7_24.png
  artifactKey: Guid(1112efc9a1868ae468ecddafd45fc7e4) Importer(815301076,1909f56bfc062723c751e8b465ee728b)
Start importing Assets/Simple Buttons/Buttons Style 7 (Rounded Turquoise)/ButtonsStyle7_24.png using Guid(1112efc9a1868ae468ecddafd45fc7e4) Importer(815301076,1909f56bfc062723c751e8b465ee728b)  -> (artifact id: 'd9b0833daef483071e64c6f8d5d99563') in 0.036029 seconds 
  Import took 0.041246 seconds .

========================================================================
Received Import Request.
  Time since last request: 0.316303 seconds.
  path: Assets/Simple Buttons/Buttons Style 7 (Rounded Turquoise)/ButtonsStyle7_25.png
  artifactKey: Guid(a8180fc74076afc48bbb013106ff98f1) Importer(815301076,1909f56bfc062723c751e8b465ee728b)
Start importing Assets/Simple Buttons/Buttons Style 7 (Rounded Turquoise)/ButtonsStyle7_25.png using Guid(a8180fc74076afc48bbb013106ff98f1) Importer(815301076,1909f56bfc062723c751e8b465ee728b)  -> (artifact id: '8375d665ca614c6b5e171cbd830aaeb1') in 0.046613 seconds 
  Import took 0.051672 seconds .

========================================================================
Received Import Request.
  Time since last request: 1.403960 seconds.
  path: Assets/Simple Buttons/Buttons Style 7 (Rounded Turquoise)/ButtonsStyle7_26.png
  artifactKey: Guid(58a0595cea4adb44f91eee2e4a2f552a) Importer(815301076,1909f56bfc062723c751e8b465ee728b)
Start importing Assets/Simple Buttons/Buttons Style 7 (Rounded Turquoise)/ButtonsStyle7_26.png using Guid(58a0595cea4adb44f91eee2e4a2f552a) Importer(815301076,1909f56bfc062723c751e8b465ee728b)  -> (artifact id: '4273b49b6ee60ea817c11193a711ab0a') in 0.061567 seconds 
  Import took 0.066611 seconds .

========================================================================
Received Import Request.
  Time since last request: 144.474973 seconds.
  path: Assets/Scripts
  artifactKey: Guid(005dec67dadeb3948b3b8756a5960da6) Importer(815301076,1909f56bfc062723c751e8b465ee728b)
Start importing Assets/Scripts using Guid(005dec67dadeb3948b3b8756a5960da6) Importer(815301076,1909f56bfc062723c751e8b465ee728b)  -> (artifact id: '7786bf888571e5feb1c95031189c5986') in 0.014678 seconds 
  Import took 0.019958 seconds .

========================================================================
Received Import Request.
  Time since last request: 25.239470 seconds.
  path: Assets/Scripts/BackGroundSound.cs
  artifactKey: Guid(9267de5244c7b1444a423cf15176f4fc) Importer(815301076,1909f56bfc062723c751e8b465ee728b)
Start importing Assets/Scripts/BackGroundSound.cs using Guid(9267de5244c7b1444a423cf15176f4fc) Importer(815301076,1909f56bfc062723c751e8b465ee728b)  -> (artifact id: '30db488560360f4bbfe9b394c49d0e14') in 0.020033 seconds 
  Import took 0.026449 seconds .

========================================================================
Received Prepare
Registering precompiled user dll's ...
Registered in 0.026669 seconds.
Begin MonoManager ReloadAssembly
Native extension for WindowsStandalone target not found
Refreshing native plugins compatible for Editor in 0.96 ms, found 2 plugins.
Preloading 0 native plugins for Editor in 0.00 ms.
Mono: successfully reloaded assembly
- Completed reload, in  3.151 seconds
Domain Reload Profiling:
	ReloadAssembly (3152ms)
		BeginReloadAssembly (416ms)
			ExecutionOrderSort (0ms)
			DisableScriptedObjects (19ms)
			BackupInstance (0ms)
			ReleaseScriptingObjects (0ms)
			CreateAndSetChildDomain (150ms)
		EndReloadAssembly (2039ms)
			LoadAssemblies (291ms)
			RebuildTransferFunctionScriptingTraits (0ms)
			SetupTypeCache (901ms)
			ReleaseScriptCaches (1ms)
			RebuildScriptCaches (80ms)
			SetupLoadedEditorAssemblies (595ms)
				LogAssemblyErrors (0ms)
				InitializePlatformSupportModulesInManaged (9ms)
				SetLoadedEditorAssemblies (1ms)
				RefreshPlugins (1ms)
				BeforeProcessingInitializeOnLoad (135ms)
				ProcessInitializeOnLoadAttributes (422ms)
				ProcessInitializeOnLoadMethodAttributes (10ms)
				AfterProcessingInitializeOnLoad (17ms)
				EditorAssembliesLoaded (1ms)
			ExecutionOrderSort2 (0ms)
			AwakeInstancesAfterBackupRestoration (30ms)
Platform modules already initialized, skipping
Switching build target platform(19) subTarget(0) extendedPlatform(0) -> platform(13) subTarget(537395200) extendedPlatform(0)
Refreshing native plugins compatible for Editor in 0.86 ms, found 2 plugins.
Preloading 0 native plugins for Editor in 0.00 ms.
Unloading 1694 Unused Serialized files (Serialized files now loaded: 0)
System memory in use before: 83.7 MB.
System memory in use after: 83.8 MB.

Unloading 11 unused Assets to reduce memory usage. Loaded Objects now: 2178.
Total: 5.716096 ms (FindLiveObjects: 0.478955 ms CreateObjectMapping: 0.139817 ms MarkObjects: 5.058926 ms  DeleteObjects: 0.036347 ms)

AssetImportParameters requested are different than current active one (requested -> active):
  custom:framework-win-MediaFoundation: 216162199b28c13a410421893ffa2e32 -> 
  custom:video-decoder-ogg-theora: a1e56fd34408186e4bbccfd4996cb3dc -> 
  custom:container-muxer-webm: aa71ff27fc2769a1b78a27578f13a17b -> 
  custom:container-demuxer-webm: 4f35f7cbe854078d1ac9338744f61a02 -> 
  custom:container-demuxer-ogg: 62fdf1f143b41e24485cea50d1cbac27 -> 
  custom:video-encoder-webm-vp8: eb34c28f22e8b96e1ab97ce403110664 -> 
  custom:video-decoder-webm-vp8: 9c59270c3fd7afecdb556c50c9e8de78 -> 
  custom:graphics/normal-map-encoding: 01000000000000000000000000000000 -> 02000000000000000000000000000000
  custom:audio-decoder-ogg-vorbis: bf7c407c2cedff20999df2af8eb42d56 -> 
  custom:audio-encoder-webm-vorbis: bf7c407c2cedff20999df2af8eb42d56 -> 
